<?xml version="1.0" encoding="UTF-8"?>
<!-- Generated by org.testng.reporters.JUnitReportReporter -->
<testsuite hostname="ADMIN" failures="0" tests="1" name="com.bridgelabz.qa.DB_Testing.DB_Test" time="0.907" errors="0" timestamp="2022-09-10T11:30:09 IST" skipped="0">
  <testcase classname="com.bridgelabz.qa.DB_Testing.DB_Test" name="deleteData" time="0.907"/>
  <system-out/>
</testsuite> <!-- com.bridgelabz.qa.DB_Testing.DB_Test -->
